[debug] [2026-04-06T11:35:16.523Z] ----------------------------------------------------------------------
[debug] [2026-04-06T11:35:16.525Z] Command:       C:\Program Files\nodejs\node.exe C:\Users\Apon Bangla\AppData\Roaming\npm\node_modules\firebase-tools\lib\bin\firebase.js deploy --only firestore:rules storage
[debug] [2026-04-06T11:35:16.525Z] CLI Version:   14.27.0
[debug] [2026-04-06T11:35:16.525Z] Platform:      win32
[debug] [2026-04-06T11:35:16.525Z] Node Version:  v24.11.1
[debug] [2026-04-06T11:35:16.525Z] Time:          Mon Apr 06 2026 17:05:16 GMT+0530 (India Standard Time)
[debug] [2026-04-06T11:35:16.526Z] ----------------------------------------------------------------------
[debug] 
[debug] [2026-04-06T11:35:16.527Z] >>> [apiv2][query] GET https://firebase-public.firebaseio.com/cli.json [none]
[debug] [2026-04-06T11:35:16.651Z] > command requires scopes: ["email","openid","https://www.googleapis.com/auth/cloudplatformprojects.readonly","https://www.googleapis.com/auth/firebase","https://www.googleapis.com/auth/cloud-platform"]
[debug] [2026-04-06T11:35:16.651Z] > authorizing via signed-in user (sjsubratajana@gmail.com)
[debug] [2026-04-06T11:35:16.651Z] [iam] checking project journeyspage-c558b for permissions ["datastore.indexes.create","datastore.indexes.delete","datastore.indexes.list","datastore.indexes.update","firebase.projects.get"]
[debug] [2026-04-06T11:35:16.652Z] Checked if tokens are valid: false, expires at: 1766130663704
[debug] [2026-04-06T11:35:16.652Z] Checked if tokens are valid: false, expires at: 1766130663704
[debug] [2026-04-06T11:35:16.652Z] > refreshing access token with scopes: []
[debug] [2026-04-06T11:35:16.653Z] >>> [apiv2][query] POST https://www.googleapis.com/oauth2/v3/token [none]
[debug] [2026-04-06T11:35:16.653Z] >>> [apiv2][body] POST https://www.googleapis.com/oauth2/v3/token [omitted]
[debug] [2026-04-06T11:35:16.878Z] <<< [apiv2][status] POST https://www.googleapis.com/oauth2/v3/token 200
[debug] [2026-04-06T11:35:16.878Z] <<< [apiv2][body] POST https://www.googleapis.com/oauth2/v3/token [omitted]
[debug] [2026-04-06T11:35:16.885Z] >>> [apiv2][query] POST https://cloudresourcemanager.googleapis.com/v1/projects/journeyspage-c558b:testIamPermissions [none]
[debug] [2026-04-06T11:35:16.885Z] >>> [apiv2][(partial)header] POST https://cloudresourcemanager.googleapis.com/v1/projects/journeyspage-c558b:testIamPermissions x-goog-quota-user=projects/journeyspage-c558b
[debug] [2026-04-06T11:35:16.885Z] >>> [apiv2][body] POST https://cloudresourcemanager.googleapis.com/v1/projects/journeyspage-c558b:testIamPermissions {"permissions":["datastore.indexes.create","datastore.indexes.delete","datastore.indexes.list","datastore.indexes.update","firebase.projects.get"]}
[debug] [2026-04-06T11:35:17.361Z] <<< [apiv2][status] GET https://firebase-public.firebaseio.com/cli.json 200
[debug] [2026-04-06T11:35:17.361Z] <<< [apiv2][body] GET https://firebase-public.firebaseio.com/cli.json {"cloudBuildErrorAfter":1594252800000,"cloudBuildWarnAfter":1590019200000,"defaultNode10After":1594252800000,"minVersion":"3.0.5","node8DeploysDisabledAfter":1613390400000,"node8RuntimeDisabledAfter":1615809600000,"node8WarnAfter":1600128000000}
[debug] [2026-04-06T11:35:18.427Z] <<< [apiv2][status] POST https://cloudresourcemanager.googleapis.com/v1/projects/journeyspage-c558b:testIamPermissions 200
[debug] [2026-04-06T11:35:18.427Z] <<< [apiv2][body] POST https://cloudresourcemanager.googleapis.com/v1/projects/journeyspage-c558b:testIamPermissions {"permissions":["datastore.indexes.create","datastore.indexes.delete","datastore.indexes.list","datastore.indexes.update","firebase.projects.get"]}
[info] 
[info] === Deploying to 'journeyspage-c558b'...
[info] 
[info] i  deploying firestore 
[info] i  firestore: ensuring required API firestore.googleapis.com is enabled... 
[info] i  firestore: ensuring required API firestore.googleapis.com is enabled... 
[debug] [2026-04-06T11:35:18.429Z] Checked if tokens are valid: true, expires at: 1775478915878
[debug] [2026-04-06T11:35:18.429Z] Checked if tokens are valid: true, expires at: 1775478915878
[debug] [2026-04-06T11:35:18.429Z] >>> [apiv2][query] GET https://firestore.googleapis.com/v1/projects/journeyspage-c558b/databases/(default) [none]
[debug] [2026-04-06T11:35:18.760Z] <<< [apiv2][status] GET https://firestore.googleapis.com/v1/projects/journeyspage-c558b/databases/(default) 200
[debug] [2026-04-06T11:35:18.760Z] <<< [apiv2][body] GET https://firestore.googleapis.com/v1/projects/journeyspage-c558b/databases/(default) {"name":"projects/journeyspage-c558b/databases/(default)","uid":"7eabe53b-b84d-4034-a40e-1b4820234fd7","createTime":"2025-11-29T06:04:04.948411Z","updateTime":"2025-11-29T06:04:04.948411Z","locationId":"asia-south1","type":"FIRESTORE_NATIVE","concurrencyMode":"PESSIMISTIC","versionRetentionPeriod":"3600s","earliestVersionTime":"2026-04-06T10:35:19.271041Z","appEngineIntegrationMode":"DISABLED","keyPrefix":"j","pointInTimeRecoveryEnablement":"POINT_IN_TIME_RECOVERY_DISABLED","deleteProtectionState":"DELETE_PROTECTION_DISABLED","databaseEdition":"STANDARD","freeTier":true,"realtimeUpdatesMode":"REALTIME_UPDATES_MODE_ENABLED","etag":"IMrX2f2Q2ZMDMMWTrs3W4ZID"}
[info] i  firestore: reading indexes from firestore.indexes.json... 
[info] i  cloud.firestore: checking firestore.rules for compilation errors... 
[debug] [2026-04-06T11:35:18.761Z] Checked if tokens are valid: true, expires at: 1775478915878
[debug] [2026-04-06T11:35:18.761Z] Checked if tokens are valid: true, expires at: 1775478915878
[debug] [2026-04-06T11:35:18.761Z] >>> [apiv2][query] POST https://firebaserules.googleapis.com/v1/projects/journeyspage-c558b:test [none]
[debug] [2026-04-06T11:35:18.761Z] >>> [apiv2][body] POST https://firebaserules.googleapis.com/v1/projects/journeyspage-c558b:test [omitted]
[debug] [2026-04-06T11:35:19.351Z] <<< [apiv2][status] POST https://firebaserules.googleapis.com/v1/projects/journeyspage-c558b:test 200
[debug] [2026-04-06T11:35:19.351Z] <<< [apiv2][body] POST https://firebaserules.googleapis.com/v1/projects/journeyspage-c558b:test {}
[info] +  cloud.firestore: rules file firestore.rules compiled successfully 
[debug] [2026-04-06T11:35:19.352Z] Checked if tokens are valid: true, expires at: 1775478915878
[debug] [2026-04-06T11:35:19.352Z] Checked if tokens are valid: true, expires at: 1775478915878
[debug] [2026-04-06T11:35:19.352Z] >>> [apiv2][query] GET https://firebaserules.googleapis.com/v1/projects/journeyspage-c558b/releases pageSize=10&pageToken=
[debug] [2026-04-06T11:35:19.952Z] <<< [apiv2][status] GET https://firebaserules.googleapis.com/v1/projects/journeyspage-c558b/releases 200
[debug] [2026-04-06T11:35:19.952Z] <<< [apiv2][body] GET https://firebaserules.googleapis.com/v1/projects/journeyspage-c558b/releases {"releases":[{"name":"projects/journeyspage-c558b/releases/cloud.firestore","rulesetName":"projects/journeyspage-c558b/rulesets/8d2f00e7-f5e3-4a38-b100-5737b2a6ad9a","createTime":"2025-11-29T06:04:12.496854Z","updateTime":"2026-01-14T12:32:50.075575Z"},{"name":"projects/journeyspage-c558b/releases/firebase.storage/journeyspage-c558b.firebasestorage.app","rulesetName":"projects/journeyspage-c558b/rulesets/8f7d9804-8493-481d-aa17-e38b62bcbc5c","createTime":"2025-11-29T06:53:16.538801Z","updateTime":"2025-12-30T12:29:29.194039Z"}]}
[debug] [2026-04-06T11:35:19.959Z] Checked if tokens are valid: true, expires at: 1775478915878
[debug] [2026-04-06T11:35:19.959Z] Checked if tokens are valid: true, expires at: 1775478915878
[debug] [2026-04-06T11:35:19.959Z] >>> [apiv2][query] GET https://firebaserules.googleapis.com/v1/projects/journeyspage-c558b/rulesets/8d2f00e7-f5e3-4a38-b100-5737b2a6ad9a [none]
[debug] [2026-04-06T11:35:21.346Z] <<< [apiv2][status] GET https://firebaserules.googleapis.com/v1/projects/journeyspage-c558b/rulesets/8d2f00e7-f5e3-4a38-b100-5737b2a6ad9a 200
[debug] [2026-04-06T11:35:21.346Z] <<< [apiv2][body] GET https://firebaserules.googleapis.com/v1/projects/journeyspage-c558b/rulesets/8d2f00e7-f5e3-4a38-b100-5737b2a6ad9a [omitted]
[info] i  firestore: uploading rules firestore.rules... 
[debug] [2026-04-06T11:35:21.346Z] Checked if tokens are valid: true, expires at: 1775478915878
[debug] [2026-04-06T11:35:21.346Z] Checked if tokens are valid: true, expires at: 1775478915878
[debug] [2026-04-06T11:35:21.346Z] >>> [apiv2][query] POST https://firebaserules.googleapis.com/v1/projects/journeyspage-c558b/rulesets [none]
[debug] [2026-04-06T11:35:21.347Z] >>> [apiv2][body] POST https://firebaserules.googleapis.com/v1/projects/journeyspage-c558b/rulesets [omitted]
[debug] [2026-04-06T11:35:22.849Z] <<< [apiv2][status] POST https://firebaserules.googleapis.com/v1/projects/journeyspage-c558b/rulesets 200
[debug] [2026-04-06T11:35:22.849Z] <<< [apiv2][body] POST https://firebaserules.googleapis.com/v1/projects/journeyspage-c558b/rulesets {"name":"projects/journeyspage-c558b/rulesets/bb10afd3-cd36-4321-bf54-d7e68e58e9b4","source":{"files":[{"content":"rules_version = '2';\n\nservice cloud.firestore {\n  match /databases/{database}/documents {\n    function isSignedIn() {\n      return request.auth != null;\n    }\n\n    function userEmail() {\n      return isSignedIn() && request.auth.token.email != null\n        ? request.auth.token.email.lower()\n        : \"\";\n    }\n\n    function isAdmin() {\n      return isSignedIn() && (\n        userEmail() == \"sjsubratajana@gmail.com\" ||\n        get(/databases/$(database)/documents/users/$(request.auth.uid)).data.role == \"admin\"\n      );\n    }\n\n    function isOwner(userId) {\n      return isSignedIn() && request.auth.uid == userId;\n    }\n\n    function storyData(storyId) {\n      return get(/databases/$(database)/documents/stories/$(storyId)).data;\n    }\n\n    function canReadStory(storyId) {\n      return storyData(storyId).status == \"approved\" ||\n        (isSignedIn() && storyData(storyId).authorId == request.auth.uid) ||\n        isAdmin();\n    }\n\n    match /users/{userId} {\n      allow read: if isSignedIn();\n      allow create: if isOwner(userId);\n\n      allow update: if isOwner(userId) || isAdmin() || (\n        isSignedIn() &&\n        request.resource.data.diff(resource.data).affectedKeys().hasOnly([\n          \"trophies\",\n          \"xp\",\n          \"inventory\",\n          \"stats\",\n          \"badges\",\n          \"level\",\n          \"points\",\n          \"trackers\",\n          \"trackersCount\",\n          \"tracking\",\n          \"currentRank\",\n          \"lastLoginDate\"\n        ])\n      );\n    }\n\n    match /notifications/{noteId} {\n      allow read: if isSignedIn() && (\n        resource.data.recipientId == request.auth.uid ||\n        resource.data.recipientId == \"broadcast\" ||\n        (resource.data.recipientId == \"admin\" && isAdmin()) ||\n        isAdmin()\n      );\n\n      allow create: if isSignedIn();\n\n      allow update: if isSignedIn() && (\n        isAdmin() ||\n        resource.data.recipientId == request.auth.uid ||\n        resource.data.recipientId == \"broadcast\" ||\n        (resource.data.recipientId == \"admin\" && isAdmin())\n      );\n\n      allow delete: if isAdmin() || (\n        isSignedIn() && resource.data.recipientId == request.auth.uid\n      );\n    }\n\n    match /stories/{storyId} {\n      allow read: if resource.data.status == \"approved\" ||\n        (isSignedIn() && resource.data.authorId == request.auth.uid) ||\n        isAdmin();\n\n      allow create: if isSignedIn() &&\n        request.resource.data.authorId == request.auth.uid &&\n        request.resource.data.status == \"draft\";\n\n      allow update: if\n        isAdmin() ||\n        (\n          isSignedIn() &&\n          resource.data.authorId == request.auth.uid &&\n          request.resource.data.authorId == resource.data.authorId &&\n          request.resource.data.createdAt == resource.data.createdAt &&\n          resource.data.status in [\"draft\", \"returned\"] &&\n          request.resource.data.status in [\"draft\", \"pending\", \"returned\"]\n        ) ||\n        (\n          isSignedIn() &&\n          request.resource.data.diff(resource.data).affectedKeys().hasOnly([\n            \"likes\",\n            \"likeCount\",\n            \"views\",\n            \"shares\",\n            \"shareCount\",\n            \"sharedBy\",\n            \"tributeCount\",\n            \"giftCount\",\n            \"trendingScore\"\n          ])\n        );\n\n      allow delete: if isAdmin() || (\n        isSignedIn() &&\n        resource.data.authorId == request.auth.uid &&\n        resource.data.status == \"draft\"\n      );\n\n      match /days/{dayId} {\n        allow read: if canReadStory(storyId);\n        allow write: if isAdmin() || (\n          isSignedIn() && storyData(storyId).authorId == request.auth.uid\n        );\n      }\n\n      match /comments/{commentId} {\n        allow read: if canReadStory(storyId);\n        allow create: if isSignedIn() &&\n          request.resource.data.userId == request.auth.uid;\n        allow delete: if isAdmin() || (\n          isSignedIn() && resource.data.userId == request.auth.uid\n        );\n      }\n    }\n\n    match /meta/{docId} {\n      allow read: if true;\n      allow write: if isAdmin();\n    }\n\n    match /system/{docId} {\n      allow read: if true;\n      allow write: if isAdmin();\n    }\n  }\n}\n","name":"firestore.rules"}]},"createTime":"2026-04-06T11:35:23.236911Z","metadata":{"services":["cloud.firestore"]}}
[debug] [2026-04-06T11:35:22.849Z] [rules] created ruleset projects/journeyspage-c558b/rulesets/bb10afd3-cd36-4321-bf54-d7e68e58e9b4
[info] i  firestore: deploying indexes... 
[debug] [2026-04-06T11:35:22.850Z] Checked if tokens are valid: true, expires at: 1775478915878
[debug] [2026-04-06T11:35:22.850Z] Checked if tokens are valid: true, expires at: 1775478915878
[debug] [2026-04-06T11:35:22.850Z] >>> [apiv2][query] GET https://firestore.googleapis.com/v1/projects/journeyspage-c558b/databases/(default)/collectionGroups/-/indexes [none]
[debug] [2026-04-06T11:35:23.009Z] <<< [apiv2][status] GET https://firestore.googleapis.com/v1/projects/journeyspage-c558b/databases/(default)/collectionGroups/-/indexes 200
[debug] [2026-04-06T11:35:23.009Z] <<< [apiv2][body] GET https://firestore.googleapis.com/v1/projects/journeyspage-c558b/databases/(default)/collectionGroups/-/indexes {"indexes":[{"name":"projects/journeyspage-c558b/databases/(default)/collectionGroups/stories/indexes/CICAgOjXh4EK","queryScope":"COLLECTION","fields":[{"fieldPath":"userId","order":"ASCENDING"},{"fieldPath":"createdAt","order":"DESCENDING"},{"fieldPath":"__name__","order":"DESCENDING"}],"state":"READY","density":"SPARSE_ALL"},{"name":"projects/journeyspage-c558b/databases/(default)/collectionGroups/stories/indexes/CICAgJiUpoMK","queryScope":"COLLECTION","fields":[{"fieldPath":"status","order":"ASCENDING"},{"fieldPath":"createdAt","order":"DESCENDING"},{"fieldPath":"__name__","order":"DESCENDING"}],"state":"READY","density":"SPARSE_ALL"},{"name":"projects/journeyspage-c558b/databases/(default)/collectionGroups/stories/indexes/CICAgOi3kJAK","queryScope":"COLLECTION","fields":[{"fieldPath":"authorId","order":"ASCENDING"},{"fieldPath":"createdAt","order":"DESCENDING"},{"fieldPath":"__name__","order":"DESCENDING"}],"state":"READY","density":"SPARSE_ALL"}]}
[debug] [2026-04-06T11:35:23.009Z] Checked if tokens are valid: true, expires at: 1775478915878
[debug] [2026-04-06T11:35:23.009Z] Checked if tokens are valid: true, expires at: 1775478915878
[debug] [2026-04-06T11:35:23.009Z] >>> [apiv2][query] GET https://firestore.googleapis.com/v1/projects/journeyspage-c558b/databases/(default)/collectionGroups/-/fields?filter=indexConfig.usesAncestorConfig=false OR ttlConfig:* [none]
[debug] [2026-04-06T11:35:23.098Z] <<< [apiv2][status] GET https://firestore.googleapis.com/v1/projects/journeyspage-c558b/databases/(default)/collectionGroups/-/fields?filter=indexConfig.usesAncestorConfig=false OR ttlConfig:* 200
[debug] [2026-04-06T11:35:23.098Z] <<< [apiv2][body] GET https://firestore.googleapis.com/v1/projects/journeyspage-c558b/databases/(default)/collectionGroups/-/fields?filter=indexConfig.usesAncestorConfig=false OR ttlConfig:* {"fields":[{"name":"projects/journeyspage-c558b/databases/(default)/collectionGroups/__default__/fields/*","indexConfig":{"indexes":[{"queryScope":"COLLECTION","fields":[{"fieldPath":"*","order":"ASCENDING"}],"state":"READY"},{"queryScope":"COLLECTION","fields":[{"fieldPath":"*","order":"DESCENDING"}],"state":"READY"},{"queryScope":"COLLECTION","fields":[{"fieldPath":"*","arrayConfig":"CONTAINS"}],"state":"READY"}]}}]}
[debug] [2026-04-06T11:35:23.098Z] Checked if tokens are valid: true, expires at: 1775478915878
[debug] [2026-04-06T11:35:23.098Z] Checked if tokens are valid: true, expires at: 1775478915878
[debug] [2026-04-06T11:35:23.098Z] >>> [apiv2][query] GET https://firestore.googleapis.com/v1/projects/journeyspage-c558b/databases/(default) [none]
[debug] [2026-04-06T11:35:23.172Z] <<< [apiv2][status] GET https://firestore.googleapis.com/v1/projects/journeyspage-c558b/databases/(default) 200
[debug] [2026-04-06T11:35:23.172Z] <<< [apiv2][body] GET https://firestore.googleapis.com/v1/projects/journeyspage-c558b/databases/(default) {"name":"projects/journeyspage-c558b/databases/(default)","uid":"7eabe53b-b84d-4034-a40e-1b4820234fd7","createTime":"2025-11-29T06:04:04.948411Z","updateTime":"2025-11-29T06:04:04.948411Z","locationId":"asia-south1","type":"FIRESTORE_NATIVE","concurrencyMode":"PESSIMISTIC","versionRetentionPeriod":"3600s","earliestVersionTime":"2026-04-06T10:35:23.685970Z","appEngineIntegrationMode":"DISABLED","keyPrefix":"j","pointInTimeRecoveryEnablement":"POINT_IN_TIME_RECOVERY_DISABLED","deleteProtectionState":"DELETE_PROTECTION_DISABLED","databaseEdition":"STANDARD","freeTier":true,"realtimeUpdatesMode":"REALTIME_UPDATES_MODE_ENABLED","etag":"INaP5/+Q2ZMDMMWTrs3W4ZID"}
[info] i  firestore: there are 3 indexes defined in your project that are not present in your firestore indexes file. To delete them, run this command with the --force flag. 
[info] +  firestore: deployed indexes in firestore.indexes.json successfully for (default) database 
[debug] [2026-04-06T11:35:23.172Z] [rules] releasing cloud.firestore/(default) with ruleset projects/journeyspage-c558b/rulesets/bb10afd3-cd36-4321-bf54-d7e68e58e9b4
[debug] [2026-04-06T11:35:23.173Z] Checked if tokens are valid: true, expires at: 1775478915878
[debug] [2026-04-06T11:35:23.173Z] Checked if tokens are valid: true, expires at: 1775478915878
[debug] [2026-04-06T11:35:23.173Z] >>> [apiv2][query] PATCH https://firebaserules.googleapis.com/v1/projects/journeyspage-c558b/releases/cloud.firestore/(default) [none]
[debug] [2026-04-06T11:35:23.173Z] >>> [apiv2][body] PATCH https://firebaserules.googleapis.com/v1/projects/journeyspage-c558b/releases/cloud.firestore/(default) {"release":{"name":"projects/journeyspage-c558b/releases/cloud.firestore/(default)","rulesetName":"projects/journeyspage-c558b/rulesets/bb10afd3-cd36-4321-bf54-d7e68e58e9b4"}}
[debug] [2026-04-06T11:35:24.697Z] <<< [apiv2][status] PATCH https://firebaserules.googleapis.com/v1/projects/journeyspage-c558b/releases/cloud.firestore/(default) 200
[debug] [2026-04-06T11:35:24.697Z] <<< [apiv2][body] PATCH https://firebaserules.googleapis.com/v1/projects/journeyspage-c558b/releases/cloud.firestore/(default) {"name":"projects/journeyspage-c558b/releases/cloud.firestore","rulesetName":"projects/journeyspage-c558b/rulesets/bb10afd3-cd36-4321-bf54-d7e68e58e9b4","createTime":"2025-11-29T06:04:12.496854Z","updateTime":"2026-04-06T11:35:25.081859Z"}
[debug] [2026-04-06T11:35:24.697Z] [rules] updated release projects/journeyspage-c558b/releases/cloud.firestore
[info] +  firestore: released rules firestore.rules to cloud.firestore 
[info] 
[info] +  Deploy complete! 
[info] 
[info] Project Console: https://console.firebase.google.com/project/journeyspage-c558b/overview
[debug] [2026-04-06T11:36:24.926Z] ----------------------------------------------------------------------
[debug] [2026-04-06T11:36:24.928Z] Command:       C:\Program Files\nodejs\node.exe C:\Users\Apon Bangla\AppData\Roaming\npm\node_modules\firebase-tools\lib\bin\firebase.js deploy --only storage
[debug] [2026-04-06T11:36:24.928Z] CLI Version:   14.27.0
[debug] [2026-04-06T11:36:24.928Z] Platform:      win32
[debug] [2026-04-06T11:36:24.928Z] Node Version:  v24.11.1
[debug] [2026-04-06T11:36:24.929Z] Time:          Mon Apr 06 2026 17:06:24 GMT+0530 (India Standard Time)
[debug] [2026-04-06T11:36:24.929Z] ----------------------------------------------------------------------
[debug] 
[debug] [2026-04-06T11:36:25.033Z] > command requires scopes: ["email","openid","https://www.googleapis.com/auth/cloudplatformprojects.readonly","https://www.googleapis.com/auth/firebase","https://www.googleapis.com/auth/cloud-platform"]
[debug] [2026-04-06T11:36:25.033Z] > authorizing via signed-in user (sjsubratajana@gmail.com)
[debug] [2026-04-06T11:36:25.034Z] [iam] checking project journeyspage-c558b for permissions ["firebase.projects.get","firebaserules.releases.create","firebaserules.releases.update","firebaserules.rulesets.create"]
[debug] [2026-04-06T11:36:25.034Z] Checked if tokens are valid: true, expires at: 1775478915878
[debug] [2026-04-06T11:36:25.034Z] Checked if tokens are valid: true, expires at: 1775478915878
[debug] [2026-04-06T11:36:25.035Z] >>> [apiv2][query] POST https://cloudresourcemanager.googleapis.com/v1/projects/journeyspage-c558b:testIamPermissions [none]
[debug] [2026-04-06T11:36:25.035Z] >>> [apiv2][(partial)header] POST https://cloudresourcemanager.googleapis.com/v1/projects/journeyspage-c558b:testIamPermissions x-goog-quota-user=projects/journeyspage-c558b
[debug] [2026-04-06T11:36:25.035Z] >>> [apiv2][body] POST https://cloudresourcemanager.googleapis.com/v1/projects/journeyspage-c558b:testIamPermissions {"permissions":["firebase.projects.get","firebaserules.releases.create","firebaserules.releases.update","firebaserules.rulesets.create"]}
[debug] [2026-04-06T11:36:25.442Z] <<< [apiv2][status] POST https://cloudresourcemanager.googleapis.com/v1/projects/journeyspage-c558b:testIamPermissions 200
[debug] [2026-04-06T11:36:25.442Z] <<< [apiv2][body] POST https://cloudresourcemanager.googleapis.com/v1/projects/journeyspage-c558b:testIamPermissions {"permissions":["firebase.projects.get","firebaserules.releases.create","firebaserules.releases.update","firebaserules.rulesets.create"]}
[info] 
[info] === Deploying to 'journeyspage-c558b'...
[info] 
[info] i  deploying storage 
[info] i  storage: ensuring required API firebasestorage.googleapis.com is enabled... 
[debug] [2026-04-06T11:36:25.444Z] Checked if tokens are valid: true, expires at: 1775478915878
[debug] [2026-04-06T11:36:25.444Z] Checked if tokens are valid: true, expires at: 1775478915878
[debug] [2026-04-06T11:36:25.444Z] >>> [apiv2][query] GET https://serviceusage.googleapis.com/v1/projects/journeyspage-c558b/services/firebasestorage.googleapis.com [none]
[debug] [2026-04-06T11:36:25.444Z] >>> [apiv2][(partial)header] GET https://serviceusage.googleapis.com/v1/projects/journeyspage-c558b/services/firebasestorage.googleapis.com x-goog-quota-user=projects/journeyspage-c558b
[debug] [2026-04-06T11:36:27.257Z] <<< [apiv2][status] GET https://serviceusage.googleapis.com/v1/projects/journeyspage-c558b/services/firebasestorage.googleapis.com 200
[debug] [2026-04-06T11:36:27.258Z] <<< [apiv2][body] GET https://serviceusage.googleapis.com/v1/projects/journeyspage-c558b/services/firebasestorage.googleapis.com [omitted]
[info] +  storage: required API firebasestorage.googleapis.com is enabled 
[debug] [2026-04-06T11:36:27.262Z] Checked if tokens are valid: true, expires at: 1775478915878
[debug] [2026-04-06T11:36:27.262Z] Checked if tokens are valid: true, expires at: 1775478915878
[debug] [2026-04-06T11:36:27.262Z] >>> [apiv2][query] GET https://firebasestorage.googleapis.com/v1alpha/projects/journeyspage-c558b/defaultBucket [none]
[debug] [2026-04-06T11:36:28.001Z] <<< [apiv2][status] GET https://firebasestorage.googleapis.com/v1alpha/projects/journeyspage-c558b/defaultBucket 200
[debug] [2026-04-06T11:36:28.001Z] <<< [apiv2][body] GET https://firebasestorage.googleapis.com/v1alpha/projects/journeyspage-c558b/defaultBucket {"name":"projects/journeyspage-c558b/defaultBucket","location":"US-CENTRAL1","bucket":{"name":"projects/journeyspage-c558b/buckets/journeyspage-c558b.firebasestorage.app"},"storageClass":"REGIONAL"}
[info] i  firebase.storage: checking storage.rules for compilation errors... 
[debug] [2026-04-06T11:36:28.002Z] Checked if tokens are valid: true, expires at: 1775478915878
[debug] [2026-04-06T11:36:28.002Z] Checked if tokens are valid: true, expires at: 1775478915878
[debug] [2026-04-06T11:36:28.002Z] >>> [apiv2][query] POST https://firebaserules.googleapis.com/v1/projects/journeyspage-c558b:test [none]
[debug] [2026-04-06T11:36:28.002Z] >>> [apiv2][body] POST https://firebaserules.googleapis.com/v1/projects/journeyspage-c558b:test [omitted]
[debug] [2026-04-06T11:36:29.501Z] <<< [apiv2][status] POST https://firebaserules.googleapis.com/v1/projects/journeyspage-c558b:test 200
[debug] [2026-04-06T11:36:29.501Z] <<< [apiv2][body] POST https://firebaserules.googleapis.com/v1/projects/journeyspage-c558b:test {}
[info] +  firebase.storage: rules file storage.rules compiled successfully 
[debug] [2026-04-06T11:36:29.502Z] Checked if tokens are valid: true, expires at: 1775478915878
[debug] [2026-04-06T11:36:29.502Z] Checked if tokens are valid: true, expires at: 1775478915878
[debug] [2026-04-06T11:36:29.502Z] >>> [apiv2][query] GET https://firebaserules.googleapis.com/v1/projects/journeyspage-c558b/releases pageSize=10&pageToken=
[debug] [2026-04-06T11:36:30.993Z] <<< [apiv2][status] GET https://firebaserules.googleapis.com/v1/projects/journeyspage-c558b/releases 200
[debug] [2026-04-06T11:36:30.993Z] <<< [apiv2][body] GET https://firebaserules.googleapis.com/v1/projects/journeyspage-c558b/releases {"releases":[{"name":"projects/journeyspage-c558b/releases/cloud.firestore","rulesetName":"projects/journeyspage-c558b/rulesets/bb10afd3-cd36-4321-bf54-d7e68e58e9b4","createTime":"2025-11-29T06:04:12.496854Z","updateTime":"2026-04-06T11:35:25.081859Z"},{"name":"projects/journeyspage-c558b/releases/firebase.storage/journeyspage-c558b.firebasestorage.app","rulesetName":"projects/journeyspage-c558b/rulesets/8f7d9804-8493-481d-aa17-e38b62bcbc5c","createTime":"2025-11-29T06:53:16.538801Z","updateTime":"2025-12-30T12:29:29.194039Z"}]}
[debug] [2026-04-06T11:36:31.000Z] Checked if tokens are valid: true, expires at: 1775478915878
[debug] [2026-04-06T11:36:31.000Z] Checked if tokens are valid: true, expires at: 1775478915878
[debug] [2026-04-06T11:36:31.000Z] >>> [apiv2][query] GET https://firebaserules.googleapis.com/v1/projects/journeyspage-c558b/rulesets/8f7d9804-8493-481d-aa17-e38b62bcbc5c [none]
[debug] [2026-04-06T11:36:32.491Z] <<< [apiv2][status] GET https://firebaserules.googleapis.com/v1/projects/journeyspage-c558b/rulesets/8f7d9804-8493-481d-aa17-e38b62bcbc5c 200
[debug] [2026-04-06T11:36:32.491Z] <<< [apiv2][body] GET https://firebaserules.googleapis.com/v1/projects/journeyspage-c558b/rulesets/8f7d9804-8493-481d-aa17-e38b62bcbc5c [omitted]
[info] i  storage: uploading rules storage.rules... 
[debug] [2026-04-06T11:36:32.492Z] Checked if tokens are valid: true, expires at: 1775478915878
[debug] [2026-04-06T11:36:32.492Z] Checked if tokens are valid: true, expires at: 1775478915878
[debug] [2026-04-06T11:36:32.493Z] >>> [apiv2][query] POST https://firebaserules.googleapis.com/v1/projects/journeyspage-c558b/rulesets [none]
[debug] [2026-04-06T11:36:32.493Z] >>> [apiv2][body] POST https://firebaserules.googleapis.com/v1/projects/journeyspage-c558b/rulesets [omitted]
[debug] [2026-04-06T11:36:32.862Z] <<< [apiv2][status] POST https://firebaserules.googleapis.com/v1/projects/journeyspage-c558b/rulesets 200
[debug] [2026-04-06T11:36:32.862Z] <<< [apiv2][body] POST https://firebaserules.googleapis.com/v1/projects/journeyspage-c558b/rulesets {"name":"projects/journeyspage-c558b/rulesets/c4a55ea1-da40-4575-ae78-55f22882eed6","source":{"files":[{"content":"rules_version = '2';\n\nservice firebase.storage {\n  match /b/{bucket}/o {\n    function isSignedIn() {\n      return request.auth != null;\n    }\n\n    function userEmail() {\n      return isSignedIn() && request.auth.token.email != null\n        ? request.auth.token.email.lower()\n        : \"\";\n    }\n\n    function isAdmin() {\n      return isSignedIn() && userEmail() == \"sjsubratajana@gmail.com\";\n    }\n\n    function isOwner(userId) {\n      return isSignedIn() && request.auth.uid == userId;\n    }\n\n    function storyAuthorId(storyId) {\n      return firestore.get(\n        /databases/(default)/documents/stories/$(storyId)\n      ).data.authorId;\n    }\n\n    function canWriteStoryAssets(storyId) {\n      return isAdmin() || (isSignedIn() && storyAuthorId(storyId) == request.auth.uid);\n    }\n\n    match /site_assets/{fileName} {\n      allow read: if true;\n      allow write: if isAdmin();\n    }\n\n    match /avatars/{userId}/{allPaths=**} {\n      allow read: if true;\n      allow write: if isOwner(userId) || isAdmin();\n    }\n\n    match /users/{userId}/{allPaths=**} {\n      allow read: if true;\n      allow write: if isOwner(userId) || isAdmin();\n    }\n\n    match /stories/{storyId}/{allPaths=**} {\n      allow read: if true;\n      allow write: if canWriteStoryAssets(storyId);\n    }\n  }\n}\n","name":"storage.rules"}]},"createTime":"2026-04-06T11:36:33.234223Z","metadata":{"services":["firebase.storage"]}}
[debug] [2026-04-06T11:36:32.862Z] [rules] created ruleset projects/journeyspage-c558b/rulesets/c4a55ea1-da40-4575-ae78-55f22882eed6
[debug] [2026-04-06T11:36:32.862Z] [rules] releasing firebase.storage/journeyspage-c558b.firebasestorage.app with ruleset projects/journeyspage-c558b/rulesets/c4a55ea1-da40-4575-ae78-55f22882eed6
[debug] [2026-04-06T11:36:32.863Z] Checked if tokens are valid: true, expires at: 1775478915878
[debug] [2026-04-06T11:36:32.863Z] Checked if tokens are valid: true, expires at: 1775478915878
[debug] [2026-04-06T11:36:32.863Z] >>> [apiv2][query] PATCH https://firebaserules.googleapis.com/v1/projects/journeyspage-c558b/releases/firebase.storage/journeyspage-c558b.firebasestorage.app [none]
[debug] [2026-04-06T11:36:32.863Z] >>> [apiv2][body] PATCH https://firebaserules.googleapis.com/v1/projects/journeyspage-c558b/releases/firebase.storage/journeyspage-c558b.firebasestorage.app {"release":{"name":"projects/journeyspage-c558b/releases/firebase.storage/journeyspage-c558b.firebasestorage.app","rulesetName":"projects/journeyspage-c558b/rulesets/c4a55ea1-da40-4575-ae78-55f22882eed6"}}
[debug] [2026-04-06T11:36:33.240Z] <<< [apiv2][status] PATCH https://firebaserules.googleapis.com/v1/projects/journeyspage-c558b/releases/firebase.storage/journeyspage-c558b.firebasestorage.app 200
[debug] [2026-04-06T11:36:33.240Z] <<< [apiv2][body] PATCH https://firebaserules.googleapis.com/v1/projects/journeyspage-c558b/releases/firebase.storage/journeyspage-c558b.firebasestorage.app {"name":"projects/journeyspage-c558b/releases/firebase.storage/journeyspage-c558b.firebasestorage.app","rulesetName":"projects/journeyspage-c558b/rulesets/c4a55ea1-da40-4575-ae78-55f22882eed6","createTime":"2025-11-29T06:53:16.538801Z","updateTime":"2026-04-06T11:36:33.607384Z"}
[debug] [2026-04-06T11:36:33.241Z] [rules] updated release projects/journeyspage-c558b/releases/firebase.storage/journeyspage-c558b.firebasestorage.app
[info] +  storage: released rules storage.rules to firebase.storage 
[info] 
[info] +  Deploy complete! 
[info] 
[info] Project Console: https://console.firebase.google.com/project/journeyspage-c558b/overview
[debug] [2026-04-06T11:46:37.036Z] ----------------------------------------------------------------------
[debug] [2026-04-06T11:46:37.038Z] Command:       C:\Program Files\nodejs\node.exe C:\Users\Apon Bangla\AppData\Roaming\npm\node_modules\firebase-tools\lib\bin\firebase.js deploy --only storage
[debug] [2026-04-06T11:46:37.038Z] CLI Version:   14.27.0
[debug] [2026-04-06T11:46:37.038Z] Platform:      win32
[debug] [2026-04-06T11:46:37.038Z] Node Version:  v24.11.1
[debug] [2026-04-06T11:46:37.038Z] Time:          Mon Apr 06 2026 17:16:37 GMT+0530 (India Standard Time)
[debug] [2026-04-06T11:46:37.038Z] ----------------------------------------------------------------------
[debug] 
[debug] [2026-04-06T11:46:37.153Z] > command requires scopes: ["email","openid","https://www.googleapis.com/auth/cloudplatformprojects.readonly","https://www.googleapis.com/auth/firebase","https://www.googleapis.com/auth/cloud-platform"]
[debug] [2026-04-06T11:46:37.153Z] > authorizing via signed-in user (sjsubratajana@gmail.com)
[debug] [2026-04-06T11:46:37.153Z] [iam] checking project journeyspage-c558b for permissions ["firebase.projects.get","firebaserules.releases.create","firebaserules.releases.update","firebaserules.rulesets.create"]
[debug] [2026-04-06T11:46:37.154Z] Checked if tokens are valid: true, expires at: 1775478915878
[debug] [2026-04-06T11:46:37.154Z] Checked if tokens are valid: true, expires at: 1775478915878
[debug] [2026-04-06T11:46:37.155Z] >>> [apiv2][query] POST https://cloudresourcemanager.googleapis.com/v1/projects/journeyspage-c558b:testIamPermissions [none]
[debug] [2026-04-06T11:46:37.155Z] >>> [apiv2][(partial)header] POST https://cloudresourcemanager.googleapis.com/v1/projects/journeyspage-c558b:testIamPermissions x-goog-quota-user=projects/journeyspage-c558b
[debug] [2026-04-06T11:46:37.155Z] >>> [apiv2][body] POST https://cloudresourcemanager.googleapis.com/v1/projects/journeyspage-c558b:testIamPermissions {"permissions":["firebase.projects.get","firebaserules.releases.create","firebaserules.releases.update","firebaserules.rulesets.create"]}
[debug] [2026-04-06T11:46:38.717Z] <<< [apiv2][status] POST https://cloudresourcemanager.googleapis.com/v1/projects/journeyspage-c558b:testIamPermissions 200
[debug] [2026-04-06T11:46:38.717Z] <<< [apiv2][body] POST https://cloudresourcemanager.googleapis.com/v1/projects/journeyspage-c558b:testIamPermissions {"permissions":["firebase.projects.get","firebaserules.releases.create","firebaserules.releases.update","firebaserules.rulesets.create"]}
[info] 
[info] === Deploying to 'journeyspage-c558b'...
[info] 
[info] i  deploying storage 
[info] i  storage: ensuring required API firebasestorage.googleapis.com is enabled... 
[debug] [2026-04-06T11:46:38.719Z] Checked if tokens are valid: true, expires at: 1775478915878
[debug] [2026-04-06T11:46:38.719Z] Checked if tokens are valid: true, expires at: 1775478915878
[debug] [2026-04-06T11:46:38.719Z] >>> [apiv2][query] GET https://firebasestorage.googleapis.com/v1alpha/projects/journeyspage-c558b/defaultBucket [none]
[debug] [2026-04-06T11:46:39.495Z] <<< [apiv2][status] GET https://firebasestorage.googleapis.com/v1alpha/projects/journeyspage-c558b/defaultBucket 200
[debug] [2026-04-06T11:46:39.495Z] <<< [apiv2][body] GET https://firebasestorage.googleapis.com/v1alpha/projects/journeyspage-c558b/defaultBucket {"name":"projects/journeyspage-c558b/defaultBucket","location":"US-CENTRAL1","bucket":{"name":"projects/journeyspage-c558b/buckets/journeyspage-c558b.firebasestorage.app"},"storageClass":"REGIONAL"}
[info] i  firebase.storage: checking storage.rules for compilation errors... 
[debug] [2026-04-06T11:46:39.496Z] Checked if tokens are valid: true, expires at: 1775478915878
[debug] [2026-04-06T11:46:39.496Z] Checked if tokens are valid: true, expires at: 1775478915878
[debug] [2026-04-06T11:46:39.496Z] >>> [apiv2][query] POST https://firebaserules.googleapis.com/v1/projects/journeyspage-c558b:test [none]
[debug] [2026-04-06T11:46:39.496Z] >>> [apiv2][body] POST https://firebaserules.googleapis.com/v1/projects/journeyspage-c558b:test [omitted]
[debug] [2026-04-06T11:46:40.232Z] <<< [apiv2][status] POST https://firebaserules.googleapis.com/v1/projects/journeyspage-c558b:test 200
[debug] [2026-04-06T11:46:40.232Z] <<< [apiv2][body] POST https://firebaserules.googleapis.com/v1/projects/journeyspage-c558b:test {}
[info] +  firebase.storage: rules file storage.rules compiled successfully 
[debug] [2026-04-06T11:46:40.233Z] Checked if tokens are valid: true, expires at: 1775478915878
[debug] [2026-04-06T11:46:40.233Z] Checked if tokens are valid: true, expires at: 1775478915878
[debug] [2026-04-06T11:46:40.233Z] >>> [apiv2][query] GET https://firebaserules.googleapis.com/v1/projects/journeyspage-c558b/releases pageSize=10&pageToken=
[debug] [2026-04-06T11:46:41.756Z] <<< [apiv2][status] GET https://firebaserules.googleapis.com/v1/projects/journeyspage-c558b/releases 200
[debug] [2026-04-06T11:46:41.756Z] <<< [apiv2][body] GET https://firebaserules.googleapis.com/v1/projects/journeyspage-c558b/releases {"releases":[{"name":"projects/journeyspage-c558b/releases/cloud.firestore","rulesetName":"projects/journeyspage-c558b/rulesets/bb10afd3-cd36-4321-bf54-d7e68e58e9b4","createTime":"2025-11-29T06:04:12.496854Z","updateTime":"2026-04-06T11:35:25.081859Z"},{"name":"projects/journeyspage-c558b/releases/firebase.storage/journeyspage-c558b.firebasestorage.app","rulesetName":"projects/journeyspage-c558b/rulesets/c4a55ea1-da40-4575-ae78-55f22882eed6","createTime":"2025-11-29T06:53:16.538801Z","updateTime":"2026-04-06T11:36:33.607384Z"}]}
[debug] [2026-04-06T11:46:41.763Z] Checked if tokens are valid: true, expires at: 1775478915878
[debug] [2026-04-06T11:46:41.763Z] Checked if tokens are valid: true, expires at: 1775478915878
[debug] [2026-04-06T11:46:41.763Z] >>> [apiv2][query] GET https://firebaserules.googleapis.com/v1/projects/journeyspage-c558b/rulesets/c4a55ea1-da40-4575-ae78-55f22882eed6 [none]
[debug] [2026-04-06T11:46:42.095Z] <<< [apiv2][status] GET https://firebaserules.googleapis.com/v1/projects/journeyspage-c558b/rulesets/c4a55ea1-da40-4575-ae78-55f22882eed6 200
[debug] [2026-04-06T11:46:42.095Z] <<< [apiv2][body] GET https://firebaserules.googleapis.com/v1/projects/journeyspage-c558b/rulesets/c4a55ea1-da40-4575-ae78-55f22882eed6 [omitted]
[info] i  storage: uploading rules storage.rules... 
[debug] [2026-04-06T11:46:42.096Z] Checked if tokens are valid: true, expires at: 1775478915878
[debug] [2026-04-06T11:46:42.096Z] Checked if tokens are valid: true, expires at: 1775478915878
[debug] [2026-04-06T11:46:42.096Z] >>> [apiv2][query] POST https://firebaserules.googleapis.com/v1/projects/journeyspage-c558b/rulesets [none]
[debug] [2026-04-06T11:46:42.096Z] >>> [apiv2][body] POST https://firebaserules.googleapis.com/v1/projects/journeyspage-c558b/rulesets [omitted]
[debug] [2026-04-06T11:46:43.630Z] <<< [apiv2][status] POST https://firebaserules.googleapis.com/v1/projects/journeyspage-c558b/rulesets 200
[debug] [2026-04-06T11:46:43.630Z] <<< [apiv2][body] POST https://firebaserules.googleapis.com/v1/projects/journeyspage-c558b/rulesets {"name":"projects/journeyspage-c558b/rulesets/a1204b18-5b1d-40e3-bb07-f5c33febeae6","source":{"files":[{"content":"rules_version = '2';\n\nservice firebase.storage {\n  match /b/{bucket}/o {\n    function isSignedIn() {\n      return request.auth != null;\n    }\n\n    function userEmail() {\n      return isSignedIn() && request.auth.token.email != null\n        ? request.auth.token.email.lower()\n        : \"\";\n    }\n\n    function isAdmin() {\n      return isSignedIn() && userEmail() == \"sjsubratajana@gmail.com\";\n    }\n\n    function isOwner(userId) {\n      return isSignedIn() && request.auth.uid == userId;\n    }\n\n    function isImageUpload() {\n      return request.resource != null &&\n        request.resource.contentType != null &&\n        request.resource.contentType.matches('image/.*');\n    }\n\n    match /site_assets/{fileName} {\n      allow read: if true;\n      allow write: if isAdmin();\n    }\n\n    match /avatars/{userId}/{allPaths=**} {\n      allow read: if true;\n      allow write: if (isOwner(userId) || isAdmin()) && isImageUpload();\n    }\n\n    match /users/{userId}/{allPaths=**} {\n      allow read: if true;\n      allow write: if (isOwner(userId) || isAdmin()) && isImageUpload();\n    }\n\n    match /stories/{storyId}/{allPaths=**} {\n      allow read: if true;\n      allow write: if isSignedIn() && isImageUpload();\n    }\n  }\n}\n","name":"storage.rules"}]},"createTime":"2026-04-06T11:46:44.019679Z","metadata":{"services":["firebase.storage"]}}
[debug] [2026-04-06T11:46:43.630Z] [rules] created ruleset projects/journeyspage-c558b/rulesets/a1204b18-5b1d-40e3-bb07-f5c33febeae6
[debug] [2026-04-06T11:46:43.631Z] [rules] releasing firebase.storage/journeyspage-c558b.firebasestorage.app with ruleset projects/journeyspage-c558b/rulesets/a1204b18-5b1d-40e3-bb07-f5c33febeae6
[debug] [2026-04-06T11:46:43.631Z] Checked if tokens are valid: true, expires at: 1775478915878
[debug] [2026-04-06T11:46:43.631Z] Checked if tokens are valid: true, expires at: 1775478915878
[debug] [2026-04-06T11:46:43.631Z] >>> [apiv2][query] PATCH https://firebaserules.googleapis.com/v1/projects/journeyspage-c558b/releases/firebase.storage/journeyspage-c558b.firebasestorage.app [none]
[debug] [2026-04-06T11:46:43.631Z] >>> [apiv2][body] PATCH https://firebaserules.googleapis.com/v1/projects/journeyspage-c558b/releases/firebase.storage/journeyspage-c558b.firebasestorage.app {"release":{"name":"projects/journeyspage-c558b/releases/firebase.storage/journeyspage-c558b.firebasestorage.app","rulesetName":"projects/journeyspage-c558b/rulesets/a1204b18-5b1d-40e3-bb07-f5c33febeae6"}}
[debug] [2026-04-06T11:46:44.006Z] <<< [apiv2][status] PATCH https://firebaserules.googleapis.com/v1/projects/journeyspage-c558b/releases/firebase.storage/journeyspage-c558b.firebasestorage.app 200
[debug] [2026-04-06T11:46:44.006Z] <<< [apiv2][body] PATCH https://firebaserules.googleapis.com/v1/projects/journeyspage-c558b/releases/firebase.storage/journeyspage-c558b.firebasestorage.app {"name":"projects/journeyspage-c558b/releases/firebase.storage/journeyspage-c558b.firebasestorage.app","rulesetName":"projects/journeyspage-c558b/rulesets/a1204b18-5b1d-40e3-bb07-f5c33febeae6","createTime":"2025-11-29T06:53:16.538801Z","updateTime":"2026-04-06T11:46:44.388835Z"}
[debug] [2026-04-06T11:46:44.007Z] [rules] updated release projects/journeyspage-c558b/releases/firebase.storage/journeyspage-c558b.firebasestorage.app
[info] +  storage: released rules storage.rules to firebase.storage 
[info] 
[info] +  Deploy complete! 
[info] 
[info] Project Console: https://console.firebase.google.com/project/journeyspage-c558b/overview
